<?xml version="1.0" encoding="UTF-8"?>
<!-- Generated by org.testng.reporters.JUnitReportReporter -->
<testsuite hostname="DESKTOP-85PDU80" failures="0" tests="4" name="heruku.herukuTest" time="21.104" errors="0" timestamp="2023-05-15T13:42:35 IST" skipped="0">
  <testcase classname="heruku.herukuTest" name="tc5" time="3.225"/>
  <system-out/>
  <testcase classname="heruku.herukuTest" name="tc2" time="12.914"/>
  <system-out/>
  <testcase classname="heruku.herukuTest" name="tc4" time="1.284"/>
  <system-out/>
  <testcase classname="heruku.herukuTest" name="tc3" time="3.681"/>
  <system-out/>
</testsuite> <!-- heruku.herukuTest -->
